2023-04-08 09:40:51,515:DEBUG:Starting new HTTPS connection (1): api.nytimes.com:443
2023-04-08 09:40:53,921:DEBUG:https://api.nytimes.com:443 "GET /svc/books/v3/reviews.json?author=stephen+king&api-key=HAQQebSapO3Qd7TYAAJBZPaojWGO1EBM HTTP/1.1" 200 None
2023-04-08 09:40:53,925:INFO:Starting fetch_reviews function
2023-04-08 09:40:53,926:INFO:Book Title: 11/22/63, Book Summary: Stephen King’s time traveler tries to undo some painful history., Publication Date: 2011-11-13
2023-04-08 09:40:53,929:INFO:Book Title: 11/22/63, Book Summary: Stephen King’s latest novel, “11/22/63,” tells of a schoolteacher who travels back to 1958 to alter history, and falls in love as well., Publication Date: 2011-10-31
2023-04-08 09:40:53,931:INFO:Book Title: Wolves of the Calla, Book Summary: , Publication Date: 2004-01-04
2023-04-08 09:40:53,935:INFO:Book Title: Nightmares and Dreamscapes, Book Summary: , Publication Date: 1993-10-24
2023-04-08 09:40:53,937:INFO:Book Title: Black House, Book Summary: , Publication Date: 2001-11-04
2023-04-08 09:40:53,939:INFO:Book Title: The Stand, Book Summary: , Publication Date: 1990-05-13
2023-04-08 09:40:53,942:INFO:Book Title: Four Past Midnight, Book Summary: , Publication Date: 1990-09-02
2023-04-08 09:40:53,944:INFO:Book Title: Needful Things, Book Summary: , Publication Date: 1991-10-20
2023-04-08 09:40:53,946:INFO:Book Title: Gerald's Game, Book Summary: , Publication Date: 1992-06-29
2023-04-08 09:40:53,949:INFO:Book Title: Everything's Eventual : 14 Dark Tales, Book Summary: , Publication Date: 2002-04-14
2023-04-08 09:40:53,951:INFO:Book Title: It, Book Summary: , Publication Date: 1986-08-21
2023-04-08 09:40:53,953:INFO:Book Title: Full Dark, No Stars, Book Summary: , Publication Date: 2010-11-28
2023-04-08 09:40:53,956:INFO:Book Title: Bag of Bones, Book Summary: , Publication Date: 1998-09-27
2023-04-08 09:40:53,958:INFO:Book Title: Everything's Eventual : 14 Dark Tales, Book Summary: , Publication Date: 2002-03-18
2023-04-08 09:40:53,960:INFO:Book Title: Rose Madder, Book Summary: , Publication Date: 1995-07-02
2023-04-08 09:40:53,963:INFO:Book Title: Doctor Sleep, Book Summary: In “Doctor Sleep” Stephen King offers a sequel to “The Shining.”, Publication Date: 2013-09-16
2023-04-08 09:40:53,965:INFO:Book Title: Doctor Sleep, Book Summary: “Doctor Sleep” picks up the story of Danny, the little boy with psycho-intuitive powers from Stephen King’s 1977 novel “The Shining.”, Publication Date: 2013-09-22
2023-04-08 09:40:53,967:INFO:Book Title: Joyland, Book Summary: Stephen King’s lovelorn narrator takes a summer job at a haunted Southern amusement park., Publication Date: 2013-06-23
2023-04-08 09:40:53,970:INFO:Book Title: Under the Dome, Book Summary: When an enormous transparent dome settles over a small town in Maine in Stephen King’s new novel, it’s just fine with Big Jim, the local tyrant-in-waiting, and his pet goon squad., Publication Date: 2009-11-08
2023-04-08 09:40:53,972:INFO:Book Title: Under the Dome, Book Summary: “Under the Dome” gravely threatens Stephen King’s status as a mere chart-busting pop cultural phenomenon., Publication Date: 2009-11-12
2023-04-08 09:40:53,975:INFO:Book Title: Revival, Book Summary: In Stephen King’s “Revival,” a boy is befriended by a charismatic minister with whom he will reconnect in eerie and unsettling ways as an adult., Publication Date: 2014-11-14
2023-04-08 09:40:53,977:INFO:Book Title: Revival, Book Summary: Two men are locked in a battle of wills in Stephen King&#8217;s novel of fanaticism and what might exist on the other side of life., Publication Date: 2014-11-23
2023-04-08 09:40:53,980:INFO:Book Title: Lisey's Story, Book Summary: When Stephen King really wants to put a scare into you, he brings on his most fearsome monster of all, the writer., Publication Date: 2006-11-12
2023-04-08 09:40:53,983:INFO:Book Title: Just After Sunset, Book Summary: Everyday situations became open portals to fantasy and horror in Stephen King’s succinct, fast-moving new collection., Publication Date: 2008-11-05
2023-04-08 09:40:53,986:INFO:Book Title: Just After Sunset, Book Summary: A new short-story collection takes Stephen King back to the form that gave him his seat-of-the-pants start., Publication Date: 2008-11-23
2023-04-08 09:40:53,991:INFO:Book Title: Duma Key, Book Summary: Stephen King’s use of horror is not what it used to be. It may still be the impetus for his stories, but it is no longer the foremost reason they’re interesting., Publication Date: 2008-01-21
2023-04-08 09:40:53,994:INFO:Book Title: Duma Key, Book Summary: In Stephen King’s new novel, a man recuperating in the Florida Keys begins to paint, with sinister results., Publication Date: 2008-03-02
2023-04-08 09:40:53,996:INFO:Book Title: Lisey's Story, Book Summary: In his new book, Stephen King delivers his version of Joycean wordplay, idiosyncrasy, voluptuousness and stubborn, obsessive chronology., Publication Date: 2006-10-23
2023-04-08 09:40:53,999:INFO:Book Title: Mr. Mercedes, Book Summary: With one eye on Philip Marlowe, Stephen King takes a crack at the detective novel., Publication Date: 2014-06-08
2023-04-08 09:40:54,002:INFO:Book Title: Stephen King's Danse Macabre, Book Summary: , Publication Date: 1981-05-10
2023-04-08 09:40:54,004:INFO:Book Title: Cujo, Book Summary: , Publication Date: 1981-08-14
2023-04-08 09:40:54,007:INFO:Book Title: Different Seasons, Book Summary: , Publication Date: 1982-08-11
2023-04-08 09:40:54,009:INFO:Book Title: Different Seasons, Book Summary: , Publication Date: 1982-08-29
2023-04-08 09:40:54,012:INFO:Book Title: Christine, Book Summary: , Publication Date: 1983-04-03
2023-04-08 09:40:54,014:INFO:Book Title: Christine, Book Summary: , Publication Date: 1983-04-12
2023-04-08 09:40:54,016:INFO:Book Title: Pet Sematary, Book Summary: , Publication Date: 1983-10-21
2023-04-08 09:40:54,019:INFO:Book Title: Skeleton Crew, Book Summary: , Publication Date: 1985-06-09
2023-04-08 09:40:54,021:INFO:Book Title: The Eyes of the Dragon, Book Summary: , Publication Date: 1987-02-22
2023-04-08 09:40:54,025:INFO:Book Title: Misery, Book Summary: , Publication Date: 1987-05-31
2023-04-08 09:40:54,029:INFO:Book Title: Misery, Book Summary: , Publication Date: 1987-06-08
2023-04-08 09:40:54,040:INFO:Book Title: The Tommyknockers, Book Summary: , Publication Date: 1987-11-05
2023-04-08 09:40:54,045:INFO:Book Title: The Tommyknockers, Book Summary: , Publication Date: 1987-12-20
2023-04-08 09:40:54,049:INFO:Book Title: The Dark Half, Book Summary: , Publication Date: 1989-10-23
2023-04-08 09:40:54,053:INFO:Book Title: The Dark Half, Book Summary: , Publication Date: 1989-10-29
2023-04-08 09:40:54,062:INFO:Book Title: The Waste Lands: The Dark Tower Book III, Book Summary: , Publication Date: 1991-09-29
2023-04-08 09:40:54,073:INFO:Book Title: Needful Things: The Last Castle Rock Story, Book Summary: , Publication Date: 1991-10-03
2023-04-08 09:40:54,079:INFO:Book Title: Insomnia,Stephen King Library Ed., Book Summary: , Publication Date: 1994-10-06
2023-04-08 09:40:54,083:INFO:Book Title: Rose Madder, Book Summary: , Publication Date: 1995-06-26
2023-04-08 09:40:54,086:INFO:Book Title: Bag of Bones, Book Summary: , Publication Date: 1998-09-21
2023-04-08 09:40:54,091:INFO:Book Title: The Girl Who Loved Tom Gordon : A Novel, Book Summary: , Publication Date: 1999-04-15
2023-04-08 09:40:54,095:INFO:Book Title: The Girl Who Loved Tom Gordon : A Novel, Book Summary: , Publication Date: 1999-05-16
2023-04-08 09:40:54,099:INFO:Book Title: On Writing:  a Memoir of the Craft, Book Summary: , Publication Date: 2000-10-05
2023-04-08 09:40:54,103:INFO:Book Title: On Writing:  a Memoir of the Craft, Book Summary: , Publication Date: 2000-10-08
2023-04-08 09:40:54,107:INFO:Book Title: Dreamcatcher, Book Summary: , Publication Date: 2001-03-15
2023-04-08 09:40:54,112:INFO:Book Title: Dreamcatcher, Book Summary: , Publication Date: 2001-04-15
2023-04-08 09:40:54,116:INFO:Book Title: From a Buick 8, Book Summary: , Publication Date: 2002-09-23
2023-04-08 09:40:54,121:INFO:Book Title: From a Buick 8, Book Summary: , Publication Date: 2002-09-29
2023-04-08 09:40:54,127:INFO:Book Title: The Dark Tower VI, Book Summary: , Publication Date: 2004-06-20
2023-04-08 09:40:54,130:INFO:Book Title: Cell, Book Summary: , Publication Date: 2006-01-23
2023-04-08 09:40:54,134:INFO:Book Title: Cell, Book Summary: , Publication Date: 2006-02-05
2023-04-08 09:40:54,138:INFO:Book Title: Finders Keepers, Book Summary: Laura Lippman reviews Stephen King’s “Finders Keepers,” the second entry in a planned trilogy that began with “Mr. Mercedes.”, Publication Date: 2015-05-31
2023-04-08 09:40:54,142:INFO:Book Title: End of Watch, Book Summary: A retired police detective sees the return of his nemesis in this suspense story with a supernatural twist., Publication Date: 2016-06-12
2023-04-08 09:40:54,147:INFO:Book Title: The Outsider, Book Summary: “The Outsider” starts out as a routine police procedural but before long transforms into something much more sinister., Publication Date: 2018-05-22
2023-04-08 09:40:54,152:INFO:Book Title: Elevation, Book Summary: King’s slim new novel, “Elevation,” returns us to Castle Rock, where prejudice drives a plot that blends the fantastical with the mundane., Publication Date: 2018-10-26
2023-04-08 09:40:54,159:INFO:Book Title: The Institute, Book Summary: In his latest, King tells the story of an institution where children with special powers are cultivated — but that’s just where the nightmare begins., Publication Date: 2019-09-08
2023-04-08 09:40:54,166:INFO:Book Title: The Institute, Book Summary: The terror doesn’t come from ghosts or fiends or clowns — it’s ordinary people, folks just like you and me, who are the evil ones., Publication Date: 2019-09-10
2023-04-08 09:40:54,170:INFO:Ending fetch_reviews function
2023-04-08 09:42:15,370:DEBUG:Starting new HTTPS connection (1): api.nytimes.com:443
2023-04-08 09:42:16,690:DEBUG:https://api.nytimes.com:443 "GET /svc/books/v3/reviews.json?author=jj&api-key=HAQQebSapO3Qd7TYAAJBZPaojWGO1EBM HTTP/1.1" 200 None
2023-04-08 09:42:16,693:INFO:Starting fetch_reviews function
2023-04-08 09:42:16,694:INFO:Ending fetch_reviews function
2023-04-08 09:42:28,030:DEBUG:Starting new HTTPS connection (1): api.nytimes.com:443
2023-04-08 09:42:29,183:DEBUG:https://api.nytimes.com:443 "GET /svc/books/v3/reviews.json?author=barack&api-key=HAQQebSapO3Qd7TYAAJBZPaojWGO1EBM HTTP/1.1" 200 None
2023-04-08 09:42:29,186:INFO:Starting fetch_reviews function
2023-04-08 09:42:29,187:INFO:Ending fetch_reviews function
2023-04-08 09:42:35,045:DEBUG:Starting new HTTPS connection (1): api.nytimes.com:443
2023-04-08 09:42:36,207:DEBUG:https://api.nytimes.com:443 "GET /svc/books/v3/reviews.json?author=7&api-key=HAQQebSapO3Qd7TYAAJBZPaojWGO1EBM HTTP/1.1" 200 None
2023-04-08 09:42:36,211:INFO:Starting fetch_reviews function
2023-04-08 09:42:36,212:INFO:Ending fetch_reviews function
2023-04-08 09:47:41,521:DEBUG:Starting new HTTPS connection (1): api.nytimes.com:443
2023-04-08 09:47:42,798:DEBUG:https://api.nytimes.com:443 "GET /svc/books/v3/reviews.json?author=barack&api-key=HAQQebSapO3Qd7TYAAJBZPaojWGO1EBM HTTP/1.1" 200 None
2023-04-08 09:47:42,802:INFO:Starting fetch_reviews function
2023-04-08 09:47:42,803:INFO:Ending fetch_reviews function
2023-04-08 09:47:55,568:DEBUG:Starting new HTTPS connection (1): api.nytimes.com:443
2023-04-08 09:47:56,831:DEBUG:https://api.nytimes.com:443 "GET /svc/books/v3/reviews.json?author=miyamoto+musashi&api-key=HAQQebSapO3Qd7TYAAJBZPaojWGO1EBM HTTP/1.1" 200 None
2023-04-08 09:47:56,834:INFO:Starting fetch_reviews function
2023-04-08 09:47:56,835:INFO:Ending fetch_reviews function
2023-04-08 09:48:16,034:DEBUG:Starting new HTTPS connection (1): api.nytimes.com:443
2023-04-08 09:48:19,160:DEBUG:https://api.nytimes.com:443 "GET /svc/books/v3/reviews.json?author=paul+coelho&api-key=HAQQebSapO3Qd7TYAAJBZPaojWGO1EBM HTTP/1.1" 200 None
2023-04-08 09:48:19,163:INFO:Starting fetch_reviews function
2023-04-08 09:48:19,164:INFO:Ending fetch_reviews function
2023-04-08 09:48:43,337:DEBUG:Starting new HTTPS connection (1): api.nytimes.com:443
2023-04-08 09:48:44,634:DEBUG:https://api.nytimes.com:443 "GET /svc/books/v3/reviews.json?author=paulo+coelho&api-key=HAQQebSapO3Qd7TYAAJBZPaojWGO1EBM HTTP/1.1" 200 None
2023-04-08 09:48:44,638:INFO:Starting fetch_reviews function
2023-04-08 09:48:44,639:INFO:Ending fetch_reviews function
2023-04-08 09:48:52,707:DEBUG:Starting new HTTPS connection (1): api.nytimes.com:443
2023-04-08 09:48:53,905:DEBUG:https://api.nytimes.com:443 "GET /svc/books/v3/reviews.json?author=michelle+obama&api-key=HAQQebSapO3Qd7TYAAJBZPaojWGO1EBM HTTP/1.1" 200 None
2023-04-08 09:48:53,909:INFO:Starting fetch_reviews function
2023-04-08 09:48:53,910:INFO:Book Title: Becoming, Book Summary: The former first lady’s long-awaited new memoir recounts with insight, candor and wit her family’s trajectory from the Jim Crow South to Chicago’s South Side and her own improbable journey from there to the White House., Publication Date: 2018-12-06
2023-04-08 09:48:53,912:INFO:Ending fetch_reviews function
2023-04-08 09:49:28,612:DEBUG:Starting new HTTPS connection (1): api.nytimes.com:443
2023-04-08 09:49:29,678:DEBUG:https://api.nytimes.com:443 "GET /svc/books/v3/reviews.json?author=michelle+obama&api-key= HTTP/1.1" 401 90
2023-04-08 09:49:29,681:INFO:Starting fetch_reviews function
